<?xml version="1.0" encoding="UTF-8"?>
<testng-results ignored="1" total="3" passed="2" failed="0" skipped="0">
  <reporter-output>
  </reporter-output>
  <suite started-at="2019-04-10T16:13:47Z" name="Suite" finished-at="2019-04-10T16:13:59Z" duration-ms="12357">
    <groups>
    </groups>
    <test started-at="2019-04-10T16:13:47Z" name="Test" finished-at="2019-04-10T16:13:59Z" duration-ms="12357">
      <class name="TestCases.homePagetest">
        <test-method is-config="true" signature="Initialisation()[pri:0, instance:TestCases.homePagetest@609cd4d8]" started-at="2019-04-10T16:13:30Z" name="Initialisation" finished-at="2019-04-10T16:13:47Z" duration-ms="17072" status="PASS">
          <reporter-output>
          </reporter-output>
        </test-method> <!-- Initialisation -->
        <test-method signature="homePage()[pri:0, instance:TestCases.homePagetest@609cd4d8]" started-at="2019-04-10T16:13:47Z" name="homePage" finished-at="2019-04-10T16:13:58Z" duration-ms="11759" status="PASS">
          <reporter-output>
          </reporter-output>
        </test-method> <!-- homePage -->
      </class> <!-- TestCases.homePagetest -->
      <class name="TestCases.resultsPageTest">
        <test-method signature="resultPage()[pri:0, instance:TestCases.resultsPageTest@17f7cd29]" started-at="2019-04-10T16:13:59Z" name="resultPage" finished-at="2019-04-10T16:13:59Z" duration-ms="564" status="PASS">
          <reporter-output>
          </reporter-output>
        </test-method> <!-- resultPage -->
      </class> <!-- TestCases.resultsPageTest -->
    </test> <!-- Test -->
  </suite> <!-- Suite -->
</testng-results>
