<?xml version="1.0" encoding="UTF-8"?>
<!-- Generated by org.testng.reporters.JUnitXMLReporter -->
<testsuite ignored="1" hostname="hepcbe147" failures="0" tests="2" name="Test" time="12.357" errors="0" timestamp="10 Apr 2019 16:13:59 GMT">
  <testcase classname="TestCases.homePagetest" name="homePage" time="11.759"/>
  <testcase classname="TestCases.resultsPageTest" name="resultPage" time="0.564"/>
  <testcase classname="Utils.testBase" name="@BeforeSuite Initialisation" time="0.0">
    <ignored/>
  </testcase> <!-- @BeforeSuite Initialisation -->
</testsuite> <!-- Test -->
