<?xml version="1.0" encoding="UTF-8"?>
<!-- Generated by org.testng.reporters.JUnitXMLReporter -->
<testsuite ignored="1" hostname="hepcbe147" failures="0" tests="2" name="Test" time="643.061" errors="0" timestamp="15 Apr 2019 09:54:10 GMT">
  <testcase classname="TestCases.homePagetest" name="homePage" time="10.067"/>
  <testcase classname="TestCases.resultsPageTest" name="resultPage" time="632.688"/>
  <testcase classname="Utils.testBase" name="@BeforeSuite Initialisation" time="0.0">
    <ignored/>
  </testcase> <!-- @BeforeSuite Initialisation -->
</testsuite> <!-- Test -->
